<?xml version="1.0" encoding="UTF-8"?>
<!-- Generated by org.testng.reporters.JUnitXMLReporter -->
<testsuite ignored="0" hostname="LAPTOP-6BQ4FA1K" failures="0" tests="5" name="login page" time="18.64" errors="0" timestamp="2022-12-17T12:03:38 CET">
  <testcase classname="org.qaway.TestInitialPage" name="validateLandingPage" time="0.017"/>
  <testcase classname="org.qaway.TestInitialPage" name="validateLoginPageElements" time="0.332"/>
  <testcase classname="org.qaway.TestLogin" name="loginAttemptWithoutPssword" time="0.502"/>
  <testcase classname="org.qaway.TestLogin" name="loginAttemptWithoutUsername" time="0.436"/>
  <testcase classname="org.qaway.TestLogin" name="loginWithValidCredential" time="0.734"/>
</testsuite> <!-- login page -->
