<?xml version="1.0" encoding="UTF-8"?>
<testng-results ignored="0" total="5" passed="5" failed="0" skipped="0">
  <reporter-output>
  </reporter-output>
  <suite started-at="2022-12-17T12:03:20 CET" name="sauce demo regression" finished-at="2022-12-17T12:03:38 CET" duration-ms="18640">
    <groups>
    </groups>
    <test started-at="2022-12-17T12:03:20 CET" name="login page" finished-at="2022-12-17T12:03:38 CET" duration-ms="18640">
      <class name="org.qaway.TestLogin">
        <test-method is-config="true" signature="setUp()[pri:0, instance:org.qaway.TestLogin@23529fee]" started-at="2022-12-17T12:03:30 CET" name="setUp" finished-at="2022-12-17T12:03:32 CET" duration-ms="2154" status="PASS">
          <reporter-output>
          </reporter-output>
        </test-method> <!-- setUp -->
        <test-method signature="loginAttemptWithoutPssword()[pri:0, instance:org.qaway.TestLogin@23529fee]" started-at="2022-12-17T12:03:32 CET" name="loginAttemptWithoutPssword" finished-at="2022-12-17T12:03:33 CET" duration-ms="502" status="PASS">
          <reporter-output>
          </reporter-output>
        </test-method> <!-- loginAttemptWithoutPssword -->
        <test-method is-config="true" signature="close()[pri:0, instance:org.qaway.TestLogin@23529fee]" started-at="2022-12-17T12:03:33 CET" name="close" finished-at="2022-12-17T12:03:33 CET" duration-ms="211" status="PASS">
          <reporter-output>
          </reporter-output>
        </test-method> <!-- close -->
        <test-method is-config="true" signature="setUp()[pri:0, instance:org.qaway.TestLogin@23529fee]" started-at="2022-12-17T12:03:33 CET" name="setUp" finished-at="2022-12-17T12:03:35 CET" duration-ms="1846" status="PASS">
          <reporter-output>
          </reporter-output>
        </test-method> <!-- setUp -->
        <test-method signature="loginAttemptWithoutUsername()[pri:0, instance:org.qaway.TestLogin@23529fee]" started-at="2022-12-17T12:03:35 CET" name="loginAttemptWithoutUsername" finished-at="2022-12-17T12:03:35 CET" duration-ms="436" status="PASS">
          <reporter-output>
          </reporter-output>
        </test-method> <!-- loginAttemptWithoutUsername -->
        <test-method is-config="true" signature="close()[pri:0, instance:org.qaway.TestLogin@23529fee]" started-at="2022-12-17T12:03:35 CET" name="close" finished-at="2022-12-17T12:03:35 CET" duration-ms="208" status="PASS">
          <reporter-output>
          </reporter-output>
        </test-method> <!-- close -->
        <test-method is-config="true" signature="setUp()[pri:0, instance:org.qaway.TestLogin@23529fee]" started-at="2022-12-17T12:03:35 CET" name="setUp" finished-at="2022-12-17T12:03:37 CET" duration-ms="1853" status="PASS">
          <reporter-output>
          </reporter-output>
        </test-method> <!-- setUp -->
        <test-method signature="loginWithValidCredential()[pri:0, instance:org.qaway.TestLogin@23529fee]" started-at="2022-12-17T12:03:37 CET" name="loginWithValidCredential" finished-at="2022-12-17T12:03:38 CET" duration-ms="734" status="PASS">
          <reporter-output>
          </reporter-output>
        </test-method> <!-- loginWithValidCredential -->
        <test-method is-config="true" signature="close()[pri:0, instance:org.qaway.TestLogin@23529fee]" started-at="2022-12-17T12:03:38 CET" name="close" finished-at="2022-12-17T12:03:38 CET" duration-ms="311" status="PASS">
          <reporter-output>
          </reporter-output>
        </test-method> <!-- close -->
      </class> <!-- org.qaway.TestLogin -->
      <class name="org.qaway.TestInitialPage">
        <test-method is-config="true" signature="setUp()[pri:0, instance:org.qaway.TestInitialPage@d83da2e]" started-at="2022-12-17T12:03:20 CET" name="setUp" finished-at="2022-12-17T12:03:27 CET" duration-ms="7242" status="PASS">
          <reporter-output>
          </reporter-output>
        </test-method> <!-- setUp -->
        <test-method signature="validateLandingPage()[pri:0, instance:org.qaway.TestInitialPage@d83da2e]" started-at="2022-12-17T12:03:27 CET" name="validateLandingPage" finished-at="2022-12-17T12:03:27 CET" duration-ms="17" status="PASS">
          <reporter-output>
          </reporter-output>
        </test-method> <!-- validateLandingPage -->
        <test-method is-config="true" signature="close()[pri:0, instance:org.qaway.TestInitialPage@d83da2e]" started-at="2022-12-17T12:03:27 CET" name="close" finished-at="2022-12-17T12:03:27 CET" duration-ms="141" status="PASS">
          <reporter-output>
          </reporter-output>
        </test-method> <!-- close -->
        <test-method is-config="true" signature="setUp()[pri:0, instance:org.qaway.TestInitialPage@d83da2e]" started-at="2022-12-17T12:03:27 CET" name="setUp" finished-at="2022-12-17T12:03:30 CET" duration-ms="2310" status="PASS">
          <reporter-output>
          </reporter-output>
        </test-method> <!-- setUp -->
        <test-method signature="validateLoginPageElements()[pri:0, instance:org.qaway.TestInitialPage@d83da2e]" started-at="2022-12-17T12:03:30 CET" name="validateLoginPageElements" finished-at="2022-12-17T12:03:30 CET" duration-ms="332" status="PASS">
          <reporter-output>
          </reporter-output>
        </test-method> <!-- validateLoginPageElements -->
        <test-method is-config="true" signature="close()[pri:0, instance:org.qaway.TestInitialPage@d83da2e]" started-at="2022-12-17T12:03:30 CET" name="close" finished-at="2022-12-17T12:03:30 CET" duration-ms="163" status="PASS">
          <reporter-output>
          </reporter-output>
        </test-method> <!-- close -->
      </class> <!-- org.qaway.TestInitialPage -->
    </test> <!-- login page -->
  </suite> <!-- sauce demo regression -->
</testng-results>
